<?xml version="1.0" encoding="UTF-8"?>
<!-- Generated by org.testng.reporters.JUnitXMLReporter -->
<testsuite ignored="0" hostname="DESKTOP-JSIVSR7" failures="0" tests="3" name="Default test" time="19.886" errors="0" timestamp="2022-06-22T23:44:16 IST">
  <testcase classname="SeleniumPractice.AllBrowserLaunch" name="performTest" time="1.719"/>
  <testcase classname="SeleniumPractice.AllBrowserLaunch" name="basicActions" time="3.815"/>
  <testcase classname="SeleniumPractice.AllBrowserLaunch" name="testLoginError" time="6.261"/>
</testsuite> <!-- Default test -->
