<?xml version="1.0" encoding="UTF-8"?>
<testng-results ignored="0" total="3" passed="3" failed="0" skipped="0">
  <reporter-output>
  </reporter-output>
  <suite started-at="2022-06-22T23:43:56 IST" name="Default suite" finished-at="2022-06-22T23:44:16 IST" duration-ms="19886">
    <groups>
    </groups>
    <test started-at="2022-06-22T23:43:56 IST" name="Default test" finished-at="2022-06-22T23:44:16 IST" duration-ms="19886">
      <class name="SeleniumPractice.AllBrowserLaunch">
        <test-method is-config="true" signature="openBrowser()[pri:0, instance:SeleniumPractice.AllBrowserLaunch@27f981c6]" started-at="2022-06-22T23:43:56 IST" name="openBrowser" finished-at="2022-06-22T23:43:59 IST" duration-ms="2803" status="PASS">
          <reporter-output>
          </reporter-output>
        </test-method> <!-- openBrowser -->
        <test-method signature="performTest()[pri:1, instance:SeleniumPractice.AllBrowserLaunch@27f981c6]" started-at="2022-06-22T23:43:59 IST" name="performTest" description="TC 001 Learning to open the browser" finished-at="2022-06-22T23:44:01 IST" duration-ms="1719" status="PASS">
          <reporter-output>
          </reporter-output>
        </test-method> <!-- performTest -->
        <test-method is-config="true" signature="stopTest()[pri:0, instance:SeleniumPractice.AllBrowserLaunch@27f981c6]" started-at="2022-06-22T23:44:01 IST" name="stopTest" finished-at="2022-06-22T23:44:01 IST" duration-ms="786" status="PASS">
          <reporter-output>
          </reporter-output>
        </test-method> <!-- stopTest -->
        <test-method is-config="true" signature="openBrowser()[pri:0, instance:SeleniumPractice.AllBrowserLaunch@27f981c6]" started-at="2022-06-22T23:44:01 IST" name="openBrowser" finished-at="2022-06-22T23:44:03 IST" duration-ms="1368" status="PASS">
          <reporter-output>
          </reporter-output>
        </test-method> <!-- openBrowser -->
        <test-method signature="basicActions()[pri:2, instance:SeleniumPractice.AllBrowserLaunch@27f981c6]" started-at="2022-06-22T23:44:03 IST" name="basicActions" description="TC002 basic actions on webElements" finished-at="2022-06-22T23:44:07 IST" duration-ms="3815" status="PASS">
          <reporter-output>
          </reporter-output>
        </test-method> <!-- basicActions -->
        <test-method is-config="true" signature="stopTest()[pri:0, instance:SeleniumPractice.AllBrowserLaunch@27f981c6]" started-at="2022-06-22T23:44:07 IST" name="stopTest" finished-at="2022-06-22T23:44:07 IST" duration-ms="734" status="PASS">
          <reporter-output>
          </reporter-output>
        </test-method> <!-- stopTest -->
        <test-method is-config="true" signature="openBrowser()[pri:0, instance:SeleniumPractice.AllBrowserLaunch@27f981c6]" started-at="2022-06-22T23:44:07 IST" name="openBrowser" finished-at="2022-06-22T23:44:09 IST" duration-ms="1651" status="PASS">
          <reporter-output>
          </reporter-output>
        </test-method> <!-- openBrowser -->
        <test-method signature="testLoginError()[pri:3, instance:SeleniumPractice.AllBrowserLaunch@27f981c6]" started-at="2022-06-22T23:44:09 IST" name="testLoginError" description="TC 003 Testing login page error" finished-at="2022-06-22T23:44:15 IST" duration-ms="6261" status="PASS">
          <reporter-output>
          </reporter-output>
        </test-method> <!-- testLoginError -->
        <test-method is-config="true" signature="stopTest()[pri:0, instance:SeleniumPractice.AllBrowserLaunch@27f981c6]" started-at="2022-06-22T23:44:15 IST" name="stopTest" finished-at="2022-06-22T23:44:16 IST" duration-ms="707" status="PASS">
          <reporter-output>
          </reporter-output>
        </test-method> <!-- stopTest -->
      </class> <!-- SeleniumPractice.AllBrowserLaunch -->
    </test> <!-- Default test -->
  </suite> <!-- Default suite -->
</testng-results>
