<?xml version="1.0" encoding="UTF-8"?>
<testng-results ignored="0" total="1" passed="1" failed="0" skipped="0">
  <reporter-output>
  </reporter-output>
  <suite started-at="2022-06-10T12:15:17 IST" name="Default suite" finished-at="2022-06-10T12:15:32 IST" duration-ms="14732">
    <groups>
    </groups>
    <test started-at="2022-06-10T12:15:17 IST" name="Default test" finished-at="2022-06-10T12:15:32 IST" duration-ms="14732">
      <class name="com.OrangeHRM.TestCases.TestLoginPage">
        <test-method is-config="true" signature="setUpApp()[pri:0, instance:com.OrangeHRM.TestCases.TestLoginPage@29215f06]" started-at="2022-06-10T12:15:17 IST" name="setUpApp" finished-at="2022-06-10T12:15:25 IST" duration-ms="8195" status="PASS">
          <reporter-output>
          </reporter-output>
        </test-method> <!-- setUpApp -->
        <test-method signature="testLogin(java.lang.String,java.lang.String)[pri:0, instance:com.OrangeHRM.TestCases.TestLoginPage@29215f06]" started-at="2022-06-10T12:15:25 IST" name="testLogin" description="Verify the login functionality" data-provider="LoginData" finished-at="2022-06-10T12:15:31 IST" duration-ms="5787" status="PASS">
          <params>
            <param index="0">
              <value>
                <![CDATA[Admin]]>
              </value>
            </param>
            <param index="1">
              <value>
                <![CDATA[admin123]]>
              </value>
            </param>
          </params>
          <reporter-output>
          </reporter-output>
        </test-method> <!-- testLogin -->
        <test-method is-config="true" signature="tearDownApp()[pri:0, instance:com.OrangeHRM.TestCases.TestLoginPage@29215f06]" started-at="2022-06-10T12:15:31 IST" name="tearDownApp" finished-at="2022-06-10T12:15:32 IST" duration-ms="713" status="PASS">
          <reporter-output>
          </reporter-output>
        </test-method> <!-- tearDownApp -->
      </class> <!-- com.OrangeHRM.TestCases.TestLoginPage -->
    </test> <!-- Default test -->
  </suite> <!-- Default suite -->
</testng-results>
